=============================================================
====    written by Maurits W. Haverkort                  ====
====    with contributions from:                         ====
====    Yi Lu, Robert Green, Sebastian Macke             ====
====    Marius Retegan, Martin Brass, and Simon Heinze   ====
====    (C) 1995-2018   All rights reserved              ====
====    www.quanty.org                                   ====
====    Beta version, be critical and report errors!!!   ====
=============================================================
====    Version 0.6 Autumn 2018                          ====
====            compiled at: Nov 25 2018 at 23:37:47     ====
=============================================================
====    When used in scientific publications please cite ====
====    one of the following papers as appropriate with  ====
====    respect to the methods used in your publication: ====
====    Phys. Rev. B 85, 165113 (2012)                   ====
====    Phys. Rev. B 90, 085102 (2014)                   ====
====    Euro Phys. Lett. 108, 57004 (2014)               ====
====    J. of Phys.: Conf. Series 712, 012001 (2016)     ====
=============================================================
Program executed on: Tue Nov 27 17:44:36 2018
Running on host    : hpc3-2501
number of available processors              : 8
maximum number of threads in parallel region: 8
Smallest positive float  : 2.225074E-308 
Smallest deviation from 1: 2.220446E-16 

Energies of the 3d orbitals in the initial Hamiltonian (crystal field term only):
================
Irrep.         E
================
a1(t2g)   -1.980
e(eg)      1.960
e(t2g)    -0.970
================

Analysis of the initial Hamiltonian:
=================================================================================================================================
State         <E>     <S^2>     <L^2>     <J^2>      <Sk>      <Lk>      <Jk>      <Tk>     <l.s>    <N_2p>    <N_3d>          dZ
=================================================================================================================================
    1   -6.874724  0.764677 24.106659 26.285214 -0.292475 -0.806839 -1.099314 -0.066546 -1.015242  6.000000  5.000000    9.98E-01
    2   -6.873618  0.764676 24.102524 26.279472  0.285776  0.802410  1.088186  0.067637 -1.015591  6.000000  5.000000    1.63E-03
=================================================================================================================================
Analysis of the initial Hamiltonian:
=================================================================================================================================
State         <E>     <S^2>     <L^2>     <J^2>      <Sk>      <Lk>      <Jk>      <Tk>     <l.s>    <N_2p>    <N_3d>          dZ
=================================================================================================================================
    1   -7.180146  0.253656 24.244877 24.493942 -0.021472 -0.388239 -0.409710 -0.051883 -0.860925  5.000000  6.000000         N/A
    2   -7.180033  0.253623 24.243989 24.492865  0.021101  0.382444  0.403545  0.051605 -0.860810  5.000000  6.000000         N/A
    3   -7.180171  0.219917 24.497351 24.707531 -0.018035 -0.335304 -0.353339 -0.042367 -0.842458  5.000000  6.000000         N/A
    4   -7.180075  0.219917 24.496378 24.706335  0.018101  0.332583  0.350685  0.042366 -0.842392  5.000000  6.000000         N/A
    5   -5.457635  2.434852 16.556857 21.763809 -0.487362 -0.734977 -1.222339 -0.059152 -1.026295  5.000000  6.000000         N/A
    6   -5.456389  2.435582 16.550848 21.754213  0.477307  0.727995  1.205301  0.057476 -1.025851  5.000000  6.000000         N/A
    7   -5.412929  3.432212 12.972279 18.776265 -0.682093 -0.376097 -1.058190  0.046585 -1.191617  5.000000  6.000000         N/A
    8   -5.412145  3.430816 12.974907 18.769170  0.430813  0.278373  0.709186 -0.050018 -1.190278  5.000000  6.000000         N/A
=================================================================================================================================
