=============================================================
====    written by Maurits W. Haverkort                  ====
====    with contributions from:                         ====
====    Yi Lu, Robert Green, Sebastian Macke             ====
====    Marius Retegan, Martin Brass, and Simon Heinze   ====
====    (C) 1995-2018   All rights reserved              ====
====    www.quanty.org                                   ====
====    Beta version, be critical and report errors!!!   ====
=============================================================
====    Version 0.6 Autumn 2018                          ====
====            compiled at: Nov 25 2018 at 23:37:47     ====
=============================================================
====    When used in scientific publications please cite ====
====    one of the following papers as appropriate with  ====
====    respect to the methods used in your publication: ====
====    Phys. Rev. B 85, 165113 (2012)                   ====
====    Phys. Rev. B 90, 085102 (2014)                   ====
====    Euro Phys. Lett. 108, 57004 (2014)               ====
====    J. of Phys.: Conf. Series 712, 012001 (2016)     ====
=============================================================
Program executed on: Tue Nov 27 15:47:37 2018
Running on host    : hpc3-2501
number of available processors              : 8
maximum number of threads in parallel region: 8
Smallest positive float  : 2.225074E-308 
Smallest deviation from 1: 2.220446E-16 

Energies of the 3d orbitals in the initial Hamiltonian (crystal field term only):
================
Irrep.         E
================
a1(t2g)   -1.980
e(eg)      1.960
e(t2g)    -0.970
================

Analysis of the initial Hamiltonian:
=================================================================================================================================
State         <E>     <S^2>     <L^2>     <J^2>      <Sk>      <Lk>      <Jk>      <Tk>     <l.s>    <N_2p>    <N_3d>          dZ
=================================================================================================================================
    1   -6.875127  0.764678 24.108168 26.287310 -0.501166 -1.392591 -1.893756 -0.110493 -1.015111  6.000000  5.000000    1.00E+00
=================================================================================================================================
Analysis of the initial Hamiltonian:
=================================================================================================================================
State         <E>     <S^2>     <L^2>     <J^2>      <Sk>      <Lk>      <Jk>      <Tk>     <l.s>    <N_2p>    <N_3d>          dZ
=================================================================================================================================
    1   -7.180187  0.253667 24.245201 24.494335 -0.036884 -0.669462 -0.706346 -0.089703 -0.860967  5.000000  6.000000         N/A
    2   -7.179991  0.253611 24.243663 24.492468  0.036856  0.665408  0.702264  0.089544 -0.860767  5.000000  6.000000         N/A
    3   -7.180161  0.219891 24.497316 24.707374  0.001274 -0.212987 -0.211712  0.006145 -0.842284  5.000000  6.000000         N/A
    4   -7.180085  0.219943 24.496416 24.706496 -0.001487  0.208133  0.206646 -0.006274 -0.842567  5.000000  6.000000         N/A
    5   -5.458091  2.434553 16.559155 21.767393 -0.836550 -1.269167 -2.105717 -0.101247 -1.026442  5.000000  6.000000         N/A
    6   -5.455932  2.435819 16.548750 21.750778  0.834401  1.264734  2.099135  0.100781 -1.025675  5.000000  6.000000         N/A
    7   -5.417640  3.376462 13.120338 18.858424 -0.731482 -0.531420 -1.262902  0.035339 -1.199596  5.000000  6.000000         N/A
    8   -5.410738  3.445299 12.934244 18.760094  0.708121  0.504004  1.212125 -0.031218 -1.188243  5.000000  6.000000         N/A
=================================================================================================================================
