=============================================================
====    written by Maurits W. Haverkort                  ====
====    with contributions from:                         ====
====    Yi Lu, Robert Green, Sebastian Macke             ====
====    Marius Retegan, Martin Brass, and Simon Heinze   ====
====    (C) 1995-2018   All rights reserved              ====
====    www.quanty.org                                   ====
====    Beta version, be critical and report errors!!!   ====
=============================================================
====    Version 0.6 Autumn 2018                          ====
====            compiled at: Nov 25 2018 at 23:37:47     ====
=============================================================
====    When used in scientific publications please cite ====
====    one of the following papers as appropriate with  ====
====    respect to the methods used in your publication: ====
====    Phys. Rev. B 85, 165113 (2012)                   ====
====    Phys. Rev. B 90, 085102 (2014)                   ====
====    Euro Phys. Lett. 108, 57004 (2014)               ====
====    J. of Phys.: Conf. Series 712, 012001 (2016)     ====
=============================================================
Program executed on: Fri Dec  7 22:09:19 2018
Running on host    : hpc3-2903
number of available processors              : 8
maximum number of threads in parallel region: 8
Smallest positive float  : 2.225074E-308 
Smallest deviation from 1: 2.220446E-16 

Energies of the 3d orbitals in the initial Hamiltonian (crystal field term only):
================
Irrep.         E
================
e         -0.600
t2         0.400
================

Analysis of the initial Hamiltonian:
=================================================================================================================================
State         <E>     <S^2>     <L^2>     <J^2>      <Sk>      <Lk>      <Jk>      <Tk>     <l.s>    <N_1s>    <N_3d>          dZ
=================================================================================================================================
    1   -3.996033  5.990152  6.010026 13.174242  0.000000  0.000000  0.000000 -0.000000 -0.344563  2.000000  6.000000    1.14E-01
    2   -3.994372  5.991681  6.008310 12.907065 -0.008274  0.000360 -0.007915 -0.001935 -0.285687  2.000000  6.000000    1.07E-01
    3   -3.994372  5.991681  6.008310 12.907065 -0.490958  0.021344 -0.469615 -0.114785 -0.285687  2.000000  6.000000    1.07E-01
    4   -3.994372  5.991681  6.008310 12.907065  0.499233 -0.021704  0.477529  0.116719 -0.285687  2.000000  6.000000    1.07E-01
    5   -3.992735  5.993076  6.006634 12.639604 -0.000000 -0.000000 -0.000000  0.000000 -0.228622  2.000000  6.000000    1.00E-01
    6   -3.992735  5.993076  6.006634 12.639604  0.000000  0.000000  0.000000  0.000000 -0.228622  2.000000  6.000000    1.00E-01
    7   -3.990720  5.995472  6.004506 12.322065  0.088814  0.014352  0.103167 -0.026185 -0.149964  2.000000  6.000000    9.28E-02
    8   -3.990720  5.995472  6.004506 12.322065 -0.499420 -0.080706 -0.580126  0.147243 -0.149964  2.000000  6.000000    9.28E-02
    9   -3.990720  5.995472  6.004506 12.322065  0.410606  0.066353  0.476959 -0.121058 -0.149964  2.000000  6.000000    9.28E-02
   10   -3.988690  5.997908  6.002305 12.000103 -0.000000  0.000000 -0.000000 -0.000000 -0.070188  2.000000  6.000000    8.58E-02
=================================================================================================================================
Analysis of the final Hamiltonian:
=================================================================================================================================
State         <E>     <S^2>     <L^2>     <J^2>      <Sk>      <Lk>      <Jk>      <Tk>     <l.s>    <N_1s>    <N_3d>          dZ
=================================================================================================================================
    1   -3.590125  3.746617 12.003261 17.048372  0.659147  0.117309  0.776456  0.000372 -0.316889  1.000000  7.000000         N/A
    2   -3.590125  3.746617 12.003261 17.048372 -0.747966 -0.133116 -0.881082 -0.000422 -0.316889  1.000000  7.000000         N/A
    3   -3.590125  3.746617 12.003261 17.048372  0.088819  0.015807  0.104626  0.000050 -0.316889  1.000000  7.000000         N/A
    4   -3.590124  3.746618 12.003261 17.048149 -0.000000 -0.000000 -0.000000  0.000000 -0.316834  1.000000  7.000000         N/A
    5   -3.590124  3.746618 12.003261 17.048149 -0.000000 -0.000000 -0.000000  0.000000 -0.316834  1.000000  7.000000         N/A
    6   -3.553104  3.746560 12.003331 17.060931 -0.004930 -0.000872 -0.005801 -0.000000 -0.319807  1.000000  7.000000         N/A
    7   -3.553104  3.746560 12.003331 17.060931 -1.241757 -0.219596 -1.461353 -0.000095 -0.319807  1.000000  7.000000         N/A
    8   -3.553104  3.746560 12.003331 17.060931  1.246687  0.220467  1.467155  0.000095 -0.319807  1.000000  7.000000         N/A
=================================================================================================================================
