=============================================================
====    written by Maurits W. Haverkort                  ====
====    with contributions from:                         ====
====    Yi Lu, Robert Green, Sebastian Macke             ====
====    Marius Retegan, Martin Brass, and Simon Heinze   ====
====    (C) 1995-2018   All rights reserved              ====
====    www.quanty.org                                   ====
====    Beta version, be critical and report errors!!!   ====
=============================================================
====    Version 0.6 Autumn 2018                          ====
====            compiled at: Nov 25 2018 at 23:37:47     ====
=============================================================
====    When used in scientific publications please cite ====
====    one of the following papers as appropriate with  ====
====    respect to the methods used in your publication: ====
====    Phys. Rev. B 85, 165113 (2012)                   ====
====    Phys. Rev. B 90, 085102 (2014)                   ====
====    Euro Phys. Lett. 108, 57004 (2014)               ====
====    J. of Phys.: Conf. Series 712, 012001 (2016)     ====
=============================================================
Program executed on: Wed Nov 28 17:04:02 2018
Running on host    : hpc3-2901
number of available processors              : 8
maximum number of threads in parallel region: 8
Smallest positive float  : 2.225074E-308 
Smallest deviation from 1: 2.220446E-16 

Energies of the 3d orbitals in the initial Hamiltonian (crystal field term only):
================
Irrep.        E
================
eg         1.680
t2g       -1.120
================

Analysis of the initial Hamiltonian:
===========================================================================================================================================
State         <E>     <S^2>     <L^2>     <J^2>      <Sk>      <Lk>      <Jk>      <Tk>     <l.s>    <N_2p>    <N_3d>    <N_L2>          dZ
===========================================================================================================================================
    1   -8.074128  0.950616 22.879544 25.718845 -0.169953 -0.776636 -0.946589 -0.060181 -1.431168  6.000000  4.718498  0.281502    9.94E-01
    2   -8.073250  0.950635 22.875600 25.714106  0.159090  0.760796  0.919886  0.061133 -1.431222  6.000000  4.718487  0.281513    6.08E-03
===========================================================================================================================================
Analysis of the final Hamiltonian:
===========================================================================================================================================
State         <E>     <S^2>     <L^2>     <J^2>      <Sk>      <Lk>      <Jk>      <Tk>     <l.s>    <N_2p>    <N_3d>    <N_L2>          dZ
===========================================================================================================================================
    1  -13.579490  0.409171 24.075347 24.435731 -0.051067 -0.542007 -0.593074 -0.035606 -0.807885  5.000000  5.719491  0.280509         N/A
    2  -13.579319  0.409141 24.074841 24.434962 -0.010896 -0.195792 -0.206688 -0.075437 -0.807968  5.000000  5.719490  0.280510         N/A
    3  -13.579147  0.409153 24.074297 24.434459  0.010750  0.191311  0.202062  0.075349 -0.807753  5.000000  5.719489  0.280511         N/A
    4  -13.578977  0.409124 24.073788 24.433687  0.050937  0.537778  0.588716  0.035468 -0.807836  5.000000  5.719488  0.280512         N/A
    5  -12.653313  2.664191 15.643576 20.846716 -0.236989 -0.631498 -0.868487  0.017111 -1.126380  5.000000  5.731903  0.268097         N/A
    6  -12.652457  2.662086 15.642375 20.829031  0.211905  0.612638  0.824543 -0.022418 -1.119331  5.000000  5.731882  0.268118         N/A
    7  -12.574286  3.969709 11.774001 17.869408 -0.574131 -0.447848 -1.021979  0.002410 -0.914670  5.000000  5.736246  0.263754         N/A
    8  -12.574153  3.945167 11.839845 17.885933 -0.507261 -0.214615 -0.721876 -0.153745 -0.911579  5.000000  5.736153  0.263847         N/A
===========================================================================================================================================
