=============================================================
====    written by Maurits W. Haverkort                  ====
====    with contributions from:                         ====
====    Yi Lu, Robert Green, Sebastian Macke             ====
====    Marius Retegan, Martin Brass, and Simon Heinze   ====
====    (C) 1995-2018   All rights reserved              ====
====    www.quanty.org                                   ====
====    Beta version, be critical and report errors!!!   ====
=============================================================
====    Version 0.6 Autumn 2018                          ====
====            compiled at: Nov 25 2018 at 23:37:47     ====
=============================================================
====    When used in scientific publications please cite ====
====    one of the following papers as appropriate with  ====
====    respect to the methods used in your publication: ====
====    Phys. Rev. B 85, 165113 (2012)                   ====
====    Phys. Rev. B 90, 085102 (2014)                   ====
====    Euro Phys. Lett. 108, 57004 (2014)               ====
====    J. of Phys.: Conf. Series 712, 012001 (2016)     ====
=============================================================
Program executed on: Fri Dec  7 21:53:04 2018
Running on host    : hpc3-2903
number of available processors              : 8
maximum number of threads in parallel region: 8
Smallest positive float  : 2.225074E-308 
Smallest deviation from 1: 2.220446E-16 

Energies of the 3d orbitals in the initial Hamiltonian (crystal field term only):
================
Irrep.         E
================
e         -0.420
t2         0.280
================

Analysis of the initial Hamiltonian:
===========================================================================================================================================
State         <E>     <S^2>     <L^2>     <J^2>      <Sk>      <Lk>      <Jk>      <Tk>     <l.s>    <N_1s>    <N_3d>    <N_4p>          dZ
===========================================================================================================================================
    1   -5.084960  5.927549  6.345514 19.405130  1.161846  0.838740  2.000587 -0.093461 -1.121906  2.000000  5.849876  0.150124    3.45E-01
    2   -5.084960  5.927549  6.345514 19.405130 -1.161846 -0.838740 -2.000587  0.093461 -1.121906  2.000000  5.849876  0.150124    3.45E-01
    3   -5.084950  5.928601  6.343529 19.375739 -0.000000  0.000000  0.000000 -0.000000 -1.117967  2.000000  5.849693  0.150307    3.10E-01
    4   -5.077800  5.894061  6.408702 19.320385  0.000000 -0.000000  0.000000  0.000000 -1.105979  2.000000  5.856053  0.143947    2.85E-37
    5   -5.077443  5.893259  6.410187 19.282181 -0.000000 -0.000000 -0.000000 -0.000000 -1.103698  2.000000  5.856102  0.143898    4.52E-39
    6   -5.075401  5.883606  6.428593 19.271111  0.000000  0.000000  0.000000 -0.000000 -1.098161  2.000000  5.857960  0.142040    2.31E-49
    7   -5.075363  5.882875  6.429779 19.279748  0.022463  0.126678  0.149141 -0.023955 -1.101730  2.000000  5.858074  0.141926    1.49E-49
    8   -5.075363  5.882875  6.429779 19.279748 -0.022463 -0.126678 -0.149141  0.023955 -1.101730  2.000000  5.858074  0.141926    1.49E-49
===========================================================================================================================================
Analysis of the final Hamiltonian:
===========================================================================================================================================
State         <E>     <S^2>     <L^2>     <J^2>      <Sk>      <Lk>      <Jk>      <Tk>     <l.s>    <N_1s>    <N_3d>    <N_4p>          dZ
===========================================================================================================================================
    1   -4.627545  3.625258 12.523390 24.076377  0.000000  0.000000  0.000000 -0.000000 -1.573529  1.000000  6.882510  0.117490         N/A
    2   -4.627537  3.625203 12.523513 24.074471  0.672197  1.118687  1.790884 -0.026953 -1.573192  1.000000  6.882522  0.117478         N/A
    3   -4.627537  3.625203 12.523513 24.074471 -0.672197 -1.118687 -1.790884  0.026953 -1.573192  1.000000  6.882522  0.117478         N/A
    4   -4.626934  3.623424 12.527603 24.000694  0.000000  0.000000  0.000000 -0.000000 -1.558195  1.000000  6.882939  0.117061         N/A
===========================================================================================================================================
0.00042423319603097
0.0063702545162947
